{"numTotalTestSuites":19,"numPassedTestSuites":19,"numFailedTestSuites":0,"numPendingTestSuites":0,"numTotalTests":64,"numPassedTests":64,"numFailedTests":0,"numPendingTests":0,"numTodoTests":0,"snapshot":{"added":0,"failure":false,"filesAdded":0,"filesRemoved":0,"filesRemovedList":[],"filesUnmatched":0,"filesUpdated":0,"matched":0,"total":0,"unchecked":0,"uncheckedKeysByFile":[],"unmatched":0,"updated":0,"didUpdate":false},"startTime":1777288153920,"success":true,"testResults":[{"assertionResults":[{"ancestorTitles":["robots.ts","robots()"],"fullName":"robots.ts robots() should return robots configuration object","status":"passed","title":"should return robots configuration object","duration":4.07058300000017,"failureMessages":[],"meta":{},"tags":[]},{"ancestorTitles":["robots.ts","robots()"],"fullName":"robots.ts robots() should have rules array","status":"passed","title":"should have rules array","duration":1.130040999999892,"failureMessages":[],"meta":{},"tags":[]},{"ancestorTitles":["robots.ts","robots()"],"fullName":"robots.ts robots() should have wildcard user agent rule","status":"passed","title":"should have wildcard user agent rule","duration":0.727916999999934,"failureMessages":[],"meta":{},"tags":[]},{"ancestorTitles":["robots.ts","robots()"],"fullName":"robots.ts robots() should allow root path","status":"passed","title":"should allow root path","duration":0.6457920000000286,"failureMessages":[],"meta":{},"tags":[]},{"ancestorTitles":["robots.ts","robots()"],"fullName":"robots.ts robots() should disallow sensitive paths","status":"passed","title":"should disallow sensitive paths","duration":1.940499999999929,"failureMessages":[],"meta":{},"tags":[]},{"ancestorTitles":["robots.ts","robots()"],"fullName":"robots.ts robots() should disallow test paths","status":"passed","title":"should disallow test paths","duration":1.348207999999886,"failureMessages":[],"meta":{},"tags":[]},{"ancestorTitles":["robots.ts","robots()"],"fullName":"robots.ts robots() should include sitemap URL","status":"passed","title":"should include sitemap URL","duration":1.2843330000000606,"failureMessages":[],"meta":{},"tags":[]},{"ancestorTitles":["robots.ts","robots()"],"fullName":"robots.ts robots() should use base URL from config","status":"passed","title":"should use base URL from config","duration":0.6815420000000358,"failureMessages":[],"meta":{},"tags":[]}],"startTime":1777288155170,"endTime":1777288155181.6816,"status":"passed","message":"","name":"/Users/Data/conductor/workspaces/tianze-website/miami/src/app/__tests__/robots.test.ts"},{"assertionResults":[{"ancestorTitles":["sitemap.ts","sitemap()"],"fullName":"sitemap.ts sitemap() should return sitemap array","status":"passed","title":"should return sitemap array","duration":4.1779169999999795,"failureMessages":[],"meta":{},"tags":[]},{"ancestorTitles":["sitemap.ts","sitemap()"],"fullName":"sitemap.ts sitemap() should include static pages for all locales","status":"passed","title":"should include static pages for all locales","duration":1.4240839999999935,"failureMessages":[],"meta":{},"tags":[]},{"ancestorTitles":["sitemap.ts","sitemap()"],"fullName":"sitemap.ts sitemap() should include static pages","status":"passed","title":"should include static pages","duration":1.5954169999999976,"failureMessages":[],"meta":{},"tags":[]},{"ancestorTitles":["sitemap.ts","sitemap()"],"fullName":"sitemap.ts sitemap() should not include removed blog pages","status":"passed","title":"should not include removed blog pages","duration":0.8502090000001772,"failureMessages":[],"meta":{},"tags":[]},{"ancestorTitles":["sitemap.ts","sitemap()"],"fullName":"sitemap.ts sitemap() should include product catalog market pages","status":"passed","title":"should include product catalog market pages","duration":0.5637500000000273,"failureMessages":[],"meta":{},"tags":[]},{"ancestorTitles":["sitemap.ts","sitemap()"],"fullName":"sitemap.ts sitemap() should not include product catalog family pages (removed route)","status":"passed","title":"should not include product catalog family pages (removed route)","duration":0.6005830000001424,"failureMessages":[],"meta":{},"tags":[]},{"ancestorTitles":["sitemap.ts","sitemap()"],"fullName":"sitemap.ts sitemap() should have lastModified for entries","status":"passed","title":"should have lastModified for entries","duration":1.05012499999998,"failureMessages":[],"meta":{},"tags":[]},{"ancestorTitles":["sitemap.ts","sitemap()"],"fullName":"sitemap.ts sitemap() should have changeFrequency for entries","status":"passed","title":"should have changeFrequency for entries","duration":1.1173750000000382,"failureMessages":[],"meta":{},"tags":[]},{"ancestorTitles":["sitemap.ts","sitemap()"],"fullName":"sitemap.ts sitemap() should have priority for entries","status":"passed","title":"should have priority for entries","duration":1.622124999999869,"failureMessages":[],"meta":{},"tags":[]},{"ancestorTitles":["sitemap.ts","sitemap()"],"fullName":"sitemap.ts sitemap() should have alternates with languages","status":"passed","title":"should have alternates with languages","duration":0.9949169999999867,"failureMessages":[],"meta":{},"tags":[]},{"ancestorTitles":["sitemap.ts","sitemap()"],"fullName":"sitemap.ts sitemap() should include x-default in alternates","status":"passed","title":"should include x-default in alternates","duration":0.4809579999998732,"failureMessages":[],"meta":{},"tags":[]},{"ancestorTitles":["sitemap.ts","sitemap()"],"fullName":"sitemap.ts sitemap() should set home page priority to 1.0","status":"passed","title":"should set home page priority to 1.0","duration":0.38820800000007694,"failureMessages":[],"meta":{},"tags":[]},{"ancestorTitles":["sitemap.ts","sitemap()"],"fullName":"sitemap.ts sitemap() should set products listing priority to 0.9","status":"passed","title":"should set products listing priority to 0.9","duration":0.5523749999999836,"failureMessages":[],"meta":{},"tags":[]},{"ancestorTitles":["sitemap.ts","sitemap()"],"fullName":"sitemap.ts sitemap() should set home page changeFrequency to daily","status":"passed","title":"should set home page changeFrequency to daily","duration":0.3480420000000777,"failureMessages":[],"meta":{},"tags":[]},{"ancestorTitles":["sitemap.ts","sitemap()"],"fullName":"sitemap.ts sitemap() should set about page changeFrequency to monthly","status":"passed","title":"should set about page changeFrequency to monthly","duration":0.41979200000014316,"failureMessages":[],"meta":{},"tags":[]},{"ancestorTitles":["sitemap.ts","sitemap()"],"fullName":"sitemap.ts sitemap() should use MDX updatedAt for MDX-driven page lastmod","status":"passed","title":"should use MDX updatedAt for MDX-driven page lastmod","duration":0.8843329999999696,"failureMessages":[],"meta":{},"tags":[]},{"ancestorTitles":["sitemap.ts","sitemap()"],"fullName":"sitemap.ts sitemap() should use sidecar dates for non-MDX and product market pages","status":"passed","title":"should use sidecar dates for non-MDX and product market pages","duration":1.014790999999832,"failureMessages":[],"meta":{},"tags":[]},{"ancestorTitles":["sitemap.ts","sitemap()"],"fullName":"sitemap.ts sitemap() should keep terms page SEO defaults explicit","status":"passed","title":"should keep terms page SEO defaults explicit","duration":0.3056249999999636,"failureMessages":[],"meta":{},"tags":[]},{"ancestorTitles":["sitemap.ts","sitemap()"],"fullName":"sitemap.ts sitemap() should not have duplicate entries","status":"passed","title":"should not have duplicate entries","duration":2.3379589999999553,"failureMessages":[],"meta":{},"tags":[]},{"ancestorTitles":["sitemap.ts","sitemap()"],"fullName":"sitemap.ts sitemap() should include standalone pages with correct config","status":"passed","title":"should include standalone pages with correct config","duration":0.9911250000000109,"failureMessages":[],"meta":{},"tags":[]}],"startTime":1777288155204,"endTime":1777288155225.9912,"status":"passed","message":"","name":"/Users/Data/conductor/workspaces/tianze-website/miami/src/app/__tests__/sitemap.test.ts"},{"assertionResults":[{"ancestorTitles":["single-site-seo"],"fullName":"single-site-seo keeps the public static sitemap pages explicit","status":"passed","title":"keeps the public static sitemap pages explicit","duration":8.15537500000005,"failureMessages":[],"meta":{},"tags":[]},{"ancestorTitles":["single-site-seo"],"fullName":"single-site-seo keeps sitemap configs explicit for special page types","status":"passed","title":"keeps sitemap configs explicit for special page types","duration":1.824040999999852,"failureMessages":[],"meta":{},"tags":[]},{"ancestorTitles":["single-site-seo"],"fullName":"single-site-seo keeps static page lastmod defaults and robots disallow list centralized","status":"passed","title":"keeps static page lastmod defaults and robots disallow list centralized","duration":0.8086249999998927,"failureMessages":[],"meta":{},"tags":[]}],"startTime":1777288155166,"endTime":1777288155176.8086,"status":"passed","message":"","name":"/Users/Data/conductor/workspaces/tianze-website/miami/src/config/__tests__/single-site-seo.test.ts"},{"assertionResults":[{"ancestorTitles":["SEO Metadata","generateLocalizedMetadata"],"fullName":"SEO Metadata generateLocalizedMetadata should generate basic metadata from SITE_CONFIG fallback","status":"passed","title":"should generate basic metadata from SITE_CONFIG fallback","duration":4.166749999999865,"failureMessages":[],"meta":{},"tags":[]},{"ancestorTitles":["SEO Metadata","generateLocalizedMetadata"],"fullName":"SEO Metadata generateLocalizedMetadata should use config title and description when provided","status":"passed","title":"should use config title and description when provided","duration":1.453125,"failureMessages":[],"meta":{},"tags":[]},{"ancestorTitles":["SEO Metadata","generateLocalizedMetadata"],"fullName":"SEO Metadata generateLocalizedMetadata should interpolate SITE_CONFIG-owned config strings","status":"passed","title":"should interpolate SITE_CONFIG-owned config strings","duration":0.692833999999948,"failureMessages":[],"meta":{},"tags":[]},{"ancestorTitles":["SEO Metadata","generateLocalizedMetadata"],"fullName":"SEO Metadata generateLocalizedMetadata should handle product type correctly","status":"passed","title":"should handle product type correctly","duration":0.5955830000000333,"failureMessages":[],"meta":{},"tags":[]},{"ancestorTitles":["SEO Metadata","generateLocalizedMetadata"],"fullName":"SEO Metadata generateLocalizedMetadata should localize metadata chrome without reading SEO translations","status":"passed","title":"should localize metadata chrome without reading SEO translations","duration":0.5928749999998217,"failureMessages":[],"meta":{},"tags":[]},{"ancestorTitles":["SEO Metadata","generateLocalizedMetadata"],"fullName":"SEO Metadata generateLocalizedMetadata should handle missing environment variables","status":"passed","title":"should handle missing environment variables","duration":0.5242499999999382,"failureMessages":[],"meta":{},"tags":[]},{"ancestorTitles":["SEO Metadata","generateLocalizedMetadata"],"fullName":"SEO Metadata generateLocalizedMetadata should call URL generation functions with correct parameters","status":"passed","title":"should call URL generation functions with correct parameters","duration":0.8209170000000086,"failureMessages":[],"meta":{},"tags":[]},{"ancestorTitles":["SEO Metadata","generateLocalizedMetadata"],"fullName":"SEO Metadata generateLocalizedMetadata should fall back to SITE_CONFIG values for unknown pages","status":"passed","title":"should fall back to SITE_CONFIG values for unknown pages","duration":0.7223750000000564,"failureMessages":[],"meta":{},"tags":[]},{"ancestorTitles":["SEO Metadata","generateLocalizedMetadata"],"fullName":"SEO Metadata generateLocalizedMetadata should use SITE_CONFIG fallback for every page type without config","status":"passed","title":"should use SITE_CONFIG fallback for every page type without config","duration":1.4653749999999945,"failureMessages":[],"meta":{},"tags":[]},{"ancestorTitles":["SEO Metadata","generateMetadataForPath"],"fullName":"SEO Metadata generateMetadataForPath should override canonical/hreflang and set openGraph.url from path","status":"passed","title":"should override canonical/hreflang and set openGraph.url from path","duration":1.0160420000001977,"failureMessages":[],"meta":{},"tags":[]},{"ancestorTitles":["SEO Metadata","createPageSEOConfig"],"fullName":"SEO Metadata createPageSEOConfig should return home page config by default","status":"passed","title":"should return home page config by default","duration":0.48395800000002964,"failureMessages":[],"meta":{},"tags":[]},{"ancestorTitles":["SEO Metadata","createPageSEOConfig"],"fullName":"SEO Metadata createPageSEOConfig should return specific page config","status":"passed","title":"should return specific page config","duration":0.5035419999999249,"failureMessages":[],"meta":{},"tags":[]},{"ancestorTitles":["SEO Metadata","createPageSEOConfig"],"fullName":"SEO Metadata createPageSEOConfig should merge custom config with base config","status":"passed","title":"should merge custom config with base config","duration":0.9183749999999691,"failureMessages":[],"meta":{},"tags":[]},{"ancestorTitles":["SEO Metadata","createPageSEOConfig"],"fullName":"SEO Metadata createPageSEOConfig should handle unknown page types","status":"passed","title":"should handle unknown page types","duration":0.616832999999815,"failureMessages":[],"meta":{},"tags":[]},{"ancestorTitles":["SEO Metadata","createPageSEOConfig"],"fullName":"SEO Metadata createPageSEOConfig should exclude developer-stack keywords from every page type","status":"passed","title":"should exclude developer-stack keywords from every page type","duration":1.4090000000001055,"failureMessages":[],"meta":{},"tags":[]},{"ancestorTitles":["SEO Metadata","createPageSEOConfig"],"fullName":"SEO Metadata createPageSEOConfig should return correct config for all page types","status":"passed","title":"should return correct config for all page types","duration":0.6424999999999272,"failureMessages":[],"meta":{},"tags":[]},{"ancestorTitles":["SEO Metadata","createPageSEOConfig"],"fullName":"SEO Metadata createPageSEOConfig should handle partial custom config","status":"passed","title":"should handle partial custom config","duration":0.2675000000001546,"failureMessages":[],"meta":{},"tags":[]},{"ancestorTitles":["SEO Metadata","createPageSEOConfig"],"fullName":"SEO Metadata createPageSEOConfig should handle empty custom config","status":"passed","title":"should handle empty custom config","duration":0.27020900000002257,"failureMessages":[],"meta":{},"tags":[]},{"ancestorTitles":["SEO Metadata","createPageSEOConfig"],"fullName":"SEO Metadata createPageSEOConfig should preserve all custom config properties","status":"passed","title":"should preserve all custom config properties","duration":0.2644999999999982,"failureMessages":[],"meta":{},"tags":[]},{"ancestorTitles":["SEO Metadata","createPageSEOConfig"],"fullName":"SEO Metadata createPageSEOConfig should handle null and undefined custom config","status":"passed","title":"should handle null and undefined custom config","duration":0.2325829999999769,"failureMessages":[],"meta":{},"tags":[]},{"ancestorTitles":["SEO Metadata","createPageSEOConfig"],"fullName":"SEO Metadata createPageSEOConfig should handle explicit null custom config","status":"passed","title":"should handle explicit null custom config","duration":0.3916670000000977,"failureMessages":[],"meta":{},"tags":[]},{"ancestorTitles":["SEO Metadata","edge cases and error handling"],"fullName":"SEO Metadata edge cases and error handling should handle URL generation errors synchronously","status":"passed","title":"should handle URL generation errors synchronously","duration":0.6904999999999291,"failureMessages":[],"meta":{},"tags":[]},{"ancestorTitles":["SEO Metadata","edge cases and error handling"],"fullName":"SEO Metadata edge cases and error handling should handle complex custom config merging","status":"passed","title":"should handle complex custom config merging","duration":0.349666999999954,"failureMessages":[],"meta":{},"tags":[]},{"ancestorTitles":["SEO Metadata","edge cases and error handling"],"fullName":"SEO Metadata edge cases and error handling should merge base config with image field","status":"passed","title":"should merge base config with image field","duration":0.2721670000000813,"failureMessages":[],"meta":{},"tags":[]},{"ancestorTitles":["SEO Metadata","SITE_CONFIG fallback branches"],"fullName":"SEO Metadata SITE_CONFIG fallback branches should use SITE_CONFIG.name for OpenGraph siteName","status":"passed","title":"should use SITE_CONFIG.name for OpenGraph siteName","duration":0.1984580000000733,"failureMessages":[],"meta":{},"tags":[]},{"ancestorTitles":["SEO Metadata","SITE_CONFIG fallback branches"],"fullName":"SEO Metadata SITE_CONFIG fallback branches should use config keywords before SITE_CONFIG keywords","status":"passed","title":"should use config keywords before SITE_CONFIG keywords","duration":0.28608299999996234,"failureMessages":[],"meta":{},"tags":[]},{"ancestorTitles":["SEO Metadata","SITE_CONFIG fallback branches"],"fullName":"SEO Metadata SITE_CONFIG fallback branches should use SITE_CONFIG keywords when config keywords are absent","status":"passed","title":"should use SITE_CONFIG keywords when config keywords are absent","duration":0.2935419999998885,"failureMessages":[],"meta":{},"tags":[]}],"startTime":1777288155258,"endTime":1777288155279.2935,"status":"passed","message":"","name":"/Users/Data/conductor/workspaces/tianze-website/miami/src/lib/__tests__/seo-metadata.test.ts"},{"assertionResults":[{"ancestorTitles":["Locale layout metadata"],"fullName":"Locale layout metadata returns base metadata without alternates","status":"passed","title":"returns base metadata without alternates","duration":4.070832999999993,"failureMessages":[],"meta":{},"tags":[]},{"ancestorTitles":["Locale layout metadata"],"fullName":"Locale layout metadata falls back to default locale when locale is invalid","status":"passed","title":"falls back to default locale when locale is invalid","duration":1.1859999999999218,"failureMessages":[],"meta":{},"tags":[]}],"startTime":1777288155245,"endTime":1777288155250.186,"status":"passed","message":"","name":"/Users/Data/conductor/workspaces/tianze-website/miami/src/app/[locale]/__tests__/layout-metadata.test.ts"},{"assertionResults":[{"ancestorTitles":["Layout Structured Data Generation"],"fullName":"Layout Structured Data Generation requests structured-data translations for the requested locale","status":"passed","title":"requests structured-data translations for the requested locale","duration":4.338375000000042,"failureMessages":[],"meta":{},"tags":[]},{"ancestorTitles":["Layout Structured Data Generation"],"fullName":"Layout Structured Data Generation passes the translation function and empty config objects to both generators","status":"passed","title":"passes the translation function and empty config objects to both generators","duration":1.79099999999994,"failureMessages":[],"meta":{},"tags":[]},{"ancestorTitles":["Layout Structured Data Generation"],"fullName":"Layout Structured Data Generation returns the generated organization and website payloads","status":"passed","title":"returns the generated organization and website payloads","duration":1.0093749999998636,"failureMessages":[],"meta":{},"tags":[]},{"ancestorTitles":["Layout Structured Data Generation"],"fullName":"Layout Structured Data Generation forwards the translator to both generators","status":"passed","title":"forwards the translator to both generators","duration":0.7561249999998836,"failureMessages":[],"meta":{},"tags":[]}],"startTime":1777288155159,"endTime":1777288155166.756,"status":"passed","message":"","name":"/Users/Data/conductor/workspaces/tianze-website/miami/src/app/[locale]/__tests__/layout-structured-data.test.ts"}]}